This is pdfTeX, Version 3.14159265-2.6-1.40.21 (TeX Live 2020) (preloaded format=pdflatex 2020.12.28)  11 JAN 2021 08:13
entering extended mode
 \write18 enabled.
 file:line:error style messages enabled.
 %&-line parsing enabled.
**/Users/seri/latex_articles/docker.tex
(/Users/seri/latex_articles/docker.tex
LaTeX2e <2020-02-02> patch level 5
L3 programming layer <2020-03-06> (/usr/local/texlive/2020/texmf-dist/tex/latex/base/article.cls
Document Class: article 2019/12/20 v1.4l Standard LaTeX document class
(/usr/local/texlive/2020/texmf-dist/tex/latex/base/size10.clo
File: size10.clo 2019/12/20 v1.4l Standard LaTeX file (size option)
)
\c@part=\count167
\c@section=\count168
\c@subsection=\count169
\c@subsubsection=\count170
\c@paragraph=\count171
\c@subparagraph=\count172
\c@figure=\count173
\c@table=\count174
\abovecaptionskip=\skip47
\belowcaptionskip=\skip48
\bibindent=\dimen134
) (/usr/local/texlive/2020/texmf-dist/tex/latex/blindtext/blindtext.sty
Package: blindtext 2012/01/06 V2.0 blindtext-Package
 (/usr/local/texlive/2020/texmf-dist/tex/latex/tools/xspace.sty
Package: xspace 2014/10/28 v1.13 Space after command names (DPC,MH)
)
\c@blindtext=\count175
\c@Blindtext=\count176
\c@blind@countparstart=\count177
\blind@countxx=\count178
\blindtext@numBlindtext=\count179
\blind@countyy=\count180
\c@blindlist=\count181
\c@blindlistlevel=\count182
\c@blindlist@level=\count183
\blind@listitem=\count184
\c@blind@listcount=\count185
\c@blind@levelcount=\count186
\blind@mathformula=\count187
\blind@Mathformula=\count188
\c@blind@randomcount=\count189
\c@blind@randommax=\count190
\c@blind@pangramcount=\count191
\c@blind@pangrammax=\count192
) (/usr/local/texlive/2020/texmf-dist/tex/latex/psnfss/mathpazo.sty
Package: mathpazo 2005/04/12 PSNFSS-v9.2a Palatino w/ Pazo Math (D.Puga, WaS) 
\symupright=\mathgroup4
) (/usr/local/texlive/2020/texmf-dist/tex/latex/base/fontenc.sty
Package: fontenc 2020/02/11 v2.0o Standard LaTeX package
LaTeX Font Info:    Trying to load font information for T1+pplx on input line 112.
 (/usr/local/texlive/2020/texmf-dist/tex/latex/psnfss/t1pplx.fd
File: t1pplx.fd 2004/09/06 font definitions for T1/pplx.
)) (/usr/local/texlive/2020/texmf-dist/tex/latex/microtype/microtype.sty
Package: microtype 2019/11/18 v2.7d Micro-typographical refinements (RS)
 (/usr/local/texlive/2020/texmf-dist/tex/latex/graphics/keyval.sty
Package: keyval 2014/10/28 v1.15 key=value parser (DPC)
\KV@toks@=\toks15
)
\MT@toks=\toks16
\MT@count=\count193
LaTeX Info: Redefining \textls on input line 790.
\MT@outer@kern=\dimen135
LaTeX Info: Redefining \textmicrotypecontext on input line 1354.
\MT@listname@count=\count194
 (/usr/local/texlive/2020/texmf-dist/tex/latex/microtype/microtype-pdftex.def
File: microtype-pdftex.def 2019/11/18 v2.7d Definitions specific to pdftex (RS)
LaTeX Info: Redefining \lsstyle on input line 914.
LaTeX Info: Redefining \lslig on input line 914.
\MT@outer@space=\skip49
)
Package microtype Info: Loading configuration file microtype.cfg.
 (/usr/local/texlive/2020/texmf-dist/tex/latex/microtype/microtype.cfg
File: microtype.cfg 2019/11/18 v2.7d microtype main configuration file (RS)
)) (/usr/local/texlive/2020/texmf-dist/tex/generic/babel/babel.sty
Package: babel 2020/03/22 3.42 The Babel package
 (/usr/local/texlive/2020/texmf-dist/tex/generic/babel/switch.def
File: switch.def 2020/03/22 3.42 Babel switching mechanism
) (/usr/local/texlive/2020/texmf-dist/tex/generic/babel-english/english.ldf
Language: english 2017/06/06 v3.3r English support from the babel system
 (/usr/local/texlive/2020/texmf-dist/tex/generic/babel/babel.def
File: babel.def 2020/03/22 3.42 Babel common definitions
\babel@savecnt=\count195
\U@D=\dimen136
 (/usr/local/texlive/2020/texmf-dist/tex/generic/babel/txtbabel.def)
\bbl@readstream=\read2
\bbl@dirlevel=\count196
)
Package babel Info: \l@canadian = using hyphenrules for english
(babel)             (\language0) on input line 102.
Package babel Info: \l@australian = using hyphenrules for ukenglish
(babel)             (\language21) on input line 105.
Package babel Info: \l@newzealand = using hyphenrules for ukenglish
(babel)             (\language21) on input line 108.
)) (/usr/local/texlive/2020/texmf-dist/tex/latex/geometry/geometry.sty
Package: geometry 2020/01/02 v5.9 Page Geometry
 (/usr/local/texlive/2020/texmf-dist/tex/generic/iftex/ifvtex.sty
Package: ifvtex 2019/10/25 v1.7 ifvtex legacy package. Use iftex instead.
 (/usr/local/texlive/2020/texmf-dist/tex/generic/iftex/iftex.sty
Package: iftex 2020/03/06 v1.0d TeX engine tests
))
\Gm@cnth=\count197
\Gm@cntv=\count198
\c@Gm@tempcnt=\count199
\Gm@bindingoffset=\dimen137
\Gm@wd@mp=\dimen138
\Gm@odd@mp=\dimen139
\Gm@even@mp=\dimen140
\Gm@layoutwidth=\dimen141
\Gm@layoutheight=\dimen142
\Gm@layouthoffset=\dimen143
\Gm@layoutvoffset=\dimen144
\Gm@dimlist=\toks17
) (/usr/local/texlive/2020/texmf-dist/tex/latex/caption/caption.sty
Package: caption 2020/01/03 v3.4h Customizing captions (AR)
 (/usr/local/texlive/2020/texmf-dist/tex/latex/caption/caption3.sty
Package: caption3 2020/01/03 v1.8h caption3 kernel (AR)
Package caption3 Info: TeX engine: e-TeX on input line 61.
\captionmargin=\dimen145
\captionmargin@=\dimen146
\captionwidth=\dimen147
\caption@tempdima=\dimen148
\caption@indent=\dimen149
\caption@parindent=\dimen150
\caption@hangindent=\dimen151
Package caption Info: Standard document class detected.
)
\c@caption@flags=\count266
\c@continuedfloat=\count267
) (/usr/local/texlive/2020/texmf-dist/tex/latex/booktabs/booktabs.sty
Package: booktabs 2020/01/12 v1.61803398 Publication quality tables
\heavyrulewidth=\dimen152
\lightrulewidth=\dimen153
\cmidrulewidth=\dimen154
\belowrulesep=\dimen155
\belowbottomsep=\dimen156
\aboverulesep=\dimen157
\abovetopsep=\dimen158
\cmidrulesep=\dimen159
\cmidrulekern=\dimen160
\defaultaddspace=\dimen161
\@cmidla=\count268
\@cmidlb=\count269
\@aboverulesep=\dimen162
\@belowrulesep=\dimen163
\@thisruleclass=\count270
\@lastruleclass=\count271
\@thisrulewidth=\dimen164
) (/usr/local/texlive/2020/texmf-dist/tex/latex/lettrine/lettrine.sty
File: lettrine.sty 2020-03-14 v2.23 (Daniel Flipo)
 (/usr/local/texlive/2020/texmf-dist/tex/generic/minifp/minifp.sty
Package: minifp 2013/12/30 v0.96. Macros for real number operations and a stack-based programing language.
\MFP@loopctr=\count272
)
\c@DefaultLines=\count273
\c@DefaultDepth=\count274
\DefaultFindent=\dimen165
\DefaultNindent=\dimen166
\DefaultSlope=\dimen167
\DiscardVskip=\dimen168
\L@lbox=\box45
\L@tbox=\box46
\c@L@lines=\count275
\c@L@depth=\count276
\L@Pindent=\dimen169
\L@Findent=\dimen170
\L@Nindent=\dimen171
\L@lraise=\dimen172
\L@first=\dimen173
\L@next=\dimen174
\L@slope=\dimen175
\L@height=\dimen176
\L@novskip=\dimen177
\L@target@ht=\dimen178
\L@target@dp=\dimen179
\L@target@tht=\dimen180
\LettrineWidth=\dimen181
\LettrineHeight=\dimen182
\LettrineDepth=\dimen183
\Llist@everypar=\toks18

Loading lettrine.cfg
(/usr/local/texlive/2020/texmf-dist/tex/latex/lettrine/lettrine.cfg)) (/usr/local/texlive/2020/texmf-dist/tex/latex/enumitem/enumitem.sty
Package: enumitem 2019/06/20 v3.9 Customized lists
\labelindent=\skip50
\enit@outerparindent=\dimen184
\enit@toks=\toks19
\enit@inbox=\box47
\enit@count@id=\count277
\enitdp@description=\count278
) (/usr/local/texlive/2020/texmf-dist/tex/latex/abstract/abstract.sty
Package: abstract 2009/06/08 v1.2a configurable abstracts
\abstitleskip=\skip51
\absleftindent=\skip52
\absrightindent=\skip53
\absparindent=\skip54
\absparsep=\skip55
) (/usr/local/texlive/2020/texmf-dist/tex/latex/titlesec/titlesec.sty
Package: titlesec 2019/10/16 v2.13 Sectioning titles
\ttl@box=\box48
\beforetitleunit=\skip56
\aftertitleunit=\skip57
\ttl@plus=\dimen185
\ttl@minus=\dimen186
\ttl@toksa=\toks20
\titlewidth=\dimen187
\titlewidthlast=\dimen188
\titlewidthfirst=\dimen189
) (/usr/local/texlive/2020/texmf-dist/tex/latex/fancyhdr/fancyhdr.sty
Package: fancyhdr 2019/01/31 v3.10 Extensive control of page headers and footers
\f@nch@headwidth=\skip58
\f@nch@O@elh=\skip59
\f@nch@O@erh=\skip60
\f@nch@O@olh=\skip61
\f@nch@O@orh=\skip62
\f@nch@O@elf=\skip63
\f@nch@O@erf=\skip64
\f@nch@O@olf=\skip65
\f@nch@O@orf=\skip66
) (/usr/local/texlive/2020/texmf-dist/tex/latex/titling/titling.sty
Package: titling 2009/09/04 v2.1d maketitle typesetting
\thanksmarkwidth=\skip67
\thanksmargin=\skip68
\droptitle=\skip69
) (/usr/local/texlive/2020/texmf-dist/tex/latex/hyperref/hyperref.sty
Package: hyperref 2020/01/14 v7.00d Hypertext links for LaTeX
 (/usr/local/texlive/2020/texmf-dist/tex/generic/ltxcmds/ltxcmds.sty
Package: ltxcmds 2019/12/15 v1.24 LaTeX kernel commands for general use (HO)
) (/usr/local/texlive/2020/texmf-dist/tex/latex/pdftexcmds/pdftexcmds.sty
Package: pdftexcmds 2019/11/24 v0.31 Utility functions of pdfTeX for LuaTeX (HO)
 (/usr/local/texlive/2020/texmf-dist/tex/generic/infwarerr/infwarerr.sty
Package: infwarerr 2019/12/03 v1.5 Providing info/warning/error messages (HO)
)
Package pdftexcmds Info: \pdf@primitive is available.
Package pdftexcmds Info: \pdf@ifprimitive is available.
Package pdftexcmds Info: \pdfdraftmode found.
) (/usr/local/texlive/2020/texmf-dist/tex/generic/kvsetkeys/kvsetkeys.sty
Package: kvsetkeys 2019/12/15 v1.18 Key value parser (HO)
) (/usr/local/texlive/2020/texmf-dist/tex/generic/kvdefinekeys/kvdefinekeys.sty
Package: kvdefinekeys 2019-12-19 v1.6 Define keys (HO)
) (/usr/local/texlive/2020/texmf-dist/tex/generic/pdfescape/pdfescape.sty
Package: pdfescape 2019/12/09 v1.15 Implements pdfTeX's escape features (HO)
) (/usr/local/texlive/2020/texmf-dist/tex/latex/hycolor/hycolor.sty
Package: hycolor 2020-01-27 v1.10 Color options for hyperref/bookmark (HO)
) (/usr/local/texlive/2020/texmf-dist/tex/latex/letltxmacro/letltxmacro.sty
Package: letltxmacro 2019/12/03 v1.6 Let assignment for LaTeX macros (HO)
) (/usr/local/texlive/2020/texmf-dist/tex/latex/auxhook/auxhook.sty
Package: auxhook 2019-12-17 v1.6 Hooks for auxiliary files (HO)
) (/usr/local/texlive/2020/texmf-dist/tex/latex/kvoptions/kvoptions.sty
Package: kvoptions 2019/11/29 v3.13 Key value format for package options (HO)
)
\@linkdim=\dimen190
\Hy@linkcounter=\count279
\Hy@pagecounter=\count280
 (/usr/local/texlive/2020/texmf-dist/tex/latex/hyperref/pd1enc.def
File: pd1enc.def 2020/01/14 v7.00d Hyperref: PDFDocEncoding definition (HO)
Now handling font encoding PD1 ...
... no UTF-8 mapping file for font encoding PD1
) (/usr/local/texlive/2020/texmf-dist/tex/generic/intcalc/intcalc.sty
Package: intcalc 2019/12/15 v1.3 Expandable calculations with integers (HO)
) (/usr/local/texlive/2020/texmf-dist/tex/generic/etexcmds/etexcmds.sty
Package: etexcmds 2019/12/15 v1.7 Avoid name clashes with e-TeX commands (HO)
)
\Hy@SavedSpaceFactor=\count281
Package hyperref Info: Hyper figures OFF on input line 4547.
Package hyperref Info: Link nesting OFF on input line 4552.
Package hyperref Info: Hyper index ON on input line 4555.
Package hyperref Info: Plain pages OFF on input line 4562.
Package hyperref Info: Backreferencing OFF on input line 4567.
Package hyperref Info: Implicit mode ON; LaTeX internals redefined.
Package hyperref Info: Bookmarks ON on input line 4800.
\c@Hy@tempcnt=\count282
 (/usr/local/texlive/2020/texmf-dist/tex/latex/url/url.sty
\Urlmuskip=\muskip16
Package: url 2013/09/16  ver 3.4  Verb mode for urls, etc.
)
LaTeX Info: Redefining \url on input line 5159.
\XeTeXLinkMargin=\dimen191
 (/usr/local/texlive/2020/texmf-dist/tex/generic/bitset/bitset.sty
Package: bitset 2019/12/09 v1.3 Handle bit-vector datatype (HO)
 (/usr/local/texlive/2020/texmf-dist/tex/generic/bigintcalc/bigintcalc.sty
Package: bigintcalc 2019/12/15 v1.5 Expandable calculations on big integers (HO)
))
\Fld@menulength=\count283
\Field@Width=\dimen192
\Fld@charsize=\dimen193
Package hyperref Info: Hyper figures OFF on input line 6430.
Package hyperref Info: Link nesting OFF on input line 6435.
Package hyperref Info: Hyper index ON on input line 6438.
Package hyperref Info: backreferencing OFF on input line 6445.
Package hyperref Info: Link coloring OFF on input line 6450.
Package hyperref Info: Link coloring with OCG OFF on input line 6455.
Package hyperref Info: PDF/A mode OFF on input line 6460.
LaTeX Info: Redefining \ref on input line 6500.
LaTeX Info: Redefining \pageref on input line 6504.
 (/usr/local/texlive/2020/texmf-dist/tex/generic/atbegshi/atbegshi.sty
Package: atbegshi 2019/12/05 v1.19 At begin shipout hook (HO)
)
\Hy@abspage=\count284
\c@Item=\count285
\c@Hfootnote=\count286
)
Package hyperref Info: Driver (autodetected): hpdftex.
 (/usr/local/texlive/2020/texmf-dist/tex/latex/hyperref/hpdftex.def
File: hpdftex.def 2020/01/14 v7.00d Hyperref driver for pdfTeX
 (/usr/local/texlive/2020/texmf-dist/tex/latex/atveryend/atveryend.sty
Package: atveryend 2019-12-11 v1.11 Hooks at the very end of document (HO)
Package atveryend Info: \enddocument detected (standard20110627).
)
\Fld@listcount=\count287
\c@bookmark@seq@number=\count288
 (/usr/local/texlive/2020/texmf-dist/tex/latex/rerunfilecheck/rerunfilecheck.sty
Package: rerunfilecheck 2019/12/05 v1.9 Rerun checks for auxiliary files (HO)
 (/usr/local/texlive/2020/texmf-dist/tex/generic/uniquecounter/uniquecounter.sty
Package: uniquecounter 2019/12/15 v1.4 Provide unlimited unique counter (HO)
)
Package uniquecounter Info: New unique counter `rerunfilecheck' on input line 286.
)
\Hy@SectionHShift=\skip70
) (/usr/local/texlive/2020/texmf-dist/tex/latex/listings/listings.sty
\lst@mode=\count289
\lst@gtempboxa=\box49
\lst@token=\toks21
\lst@length=\count290
\lst@currlwidth=\dimen194
\lst@column=\count291
\lst@pos=\count292
\lst@lostspace=\dimen195
\lst@width=\dimen196
\lst@newlines=\count293
\lst@lineno=\count294
\lst@maxwidth=\dimen197
 (/usr/local/texlive/2020/texmf-dist/tex/latex/listings/lstmisc.sty
File: lstmisc.sty 2020/03/24 1.8d (Carsten Heinz)
\c@lstnumber=\count295
\lst@skipnumbers=\count296
\lst@framebox=\box50
) (/usr/local/texlive/2020/texmf-dist/tex/latex/listings/listings.cfg
File: listings.cfg 2020/03/24 1.8d listings configuration
))
Package: listings 2020/03/24 1.8d (Carsten Heinz)
 (/usr/local/texlive/2020/texmf-dist/tex/latex/xcolor/xcolor.sty
Package: xcolor 2016/05/11 v2.12 LaTeX color extensions (UK)
 (/usr/local/texlive/2020/texmf-dist/tex/latex/graphics-cfg/color.cfg
File: color.cfg 2016/01/02 v1.6 sample color configuration
)
Package xcolor Info: Driver file: pdftex.def on input line 225.
 (/usr/local/texlive/2020/texmf-dist/tex/latex/graphics-def/pdftex.def
File: pdftex.def 2018/01/08 v1.0l Graphics/color driver for pdftex
)
Package xcolor Info: Model `cmy' substituted by `cmy0' on input line 1348.
Package xcolor Info: Model `hsb' substituted by `rgb' on input line 1352.
Package xcolor Info: Model `RGB' extended on input line 1364.
Package xcolor Info: Model `HTML' substituted by `rgb' on input line 1366.
Package xcolor Info: Model `Hsb' substituted by `hsb' on input line 1367.
Package xcolor Info: Model `tHsb' substituted by `hsb' on input line 1368.
Package xcolor Info: Model `HSB' substituted by `hsb' on input line 1369.
Package xcolor Info: Model `Gray' substituted by `gray' on input line 1370.
Package xcolor Info: Model `wave' substituted by `hsb' on input line 1371.
) (/usr/local/texlive/2020/texmf-dist/tex/latex/base/inputenc.sty
Package: inputenc 2018/08/11 v1.3c Input encoding file
\inpenc@prehook=\toks22
\inpenc@posthook=\toks23
) (/usr/local/texlive/2020/texmf-dist/tex/latex/minted/minted.sty
Package: minted 2017/07/19 v2.5 Yet another Pygments shim for LaTeX
 (/usr/local/texlive/2020/texmf-dist/tex/latex/fvextra/fvextra.sty
Package: fvextra 2019/02/04 v1.4 fvextra - extensions and patches for fancyvrb
 (/usr/local/texlive/2020/texmf-dist/tex/latex/base/ifthen.sty
Package: ifthen 2014/09/29 v1.1c Standard LaTeX ifthen package (DPC)
) (/usr/local/texlive/2020/texmf-dist/tex/latex/etoolbox/etoolbox.sty
Package: etoolbox 2019/09/21 v2.5h e-TeX tools for LaTeX (JAW)
\etb@tempcnta=\count297
) (/usr/local/texlive/2020/texmf-dist/tex/latex/fancyvrb/fancyvrb.sty
Package: fancyvrb 2020/01/13 v3.5 verbatim text (tvz,hv)
\FV@CodeLineNo=\count298
\FV@InFile=\read3
\FV@TabBox=\box51
\c@FancyVerbLine=\count299
\FV@StepNumber=\count300
\FV@OutFile=\write3
) (/usr/local/texlive/2020/texmf-dist/tex/latex/upquote/upquote.sty
Package: upquote 2012/04/19 v1.3 upright-quote and grave-accent glyphs in verbatim
 (/usr/local/texlive/2020/texmf-dist/tex/latex/base/textcomp.sty
Package: textcomp 2020/02/02 v2.0n Standard LaTeX package
)) (/usr/local/texlive/2020/texmf-dist/tex/latex/lineno/lineno.sty
Package: lineno 2005/11/02 line numbers on paragraphs v4.41
\linenopenalty=\count301
\output=\toks24
\linenoprevgraf=\count302
\linenumbersep=\dimen198
\linenumberwidth=\dimen199
\c@linenumber=\count303
\c@pagewiselinenumber=\count304
\c@LN@truepage=\count305
\c@internallinenumber=\count306
\c@internallinenumbers=\count307
\quotelinenumbersep=\dimen256
\bframerule=\dimen257
\bframesep=\dimen258
\bframebox=\box52
LaTeX Info: Redefining \\ on input line 3056.
)
\c@FV@TrueTabGroupLevel=\count308
\c@FV@TrueTabCounter=\count309
\FV@TabBox@Group=\box53
\FV@TmpLength=\skip71
\c@FV@HighlightLinesStart=\count310
\c@FV@HighlightLinesStop=\count311
\FV@LoopCount=\count312
\FV@NCharsBox=\box54
\FV@BreakIndent=\dimen259
\FV@BreakIndentNChars=\count313
\FV@BreakSymbolSepLeft=\dimen260
\FV@BreakSymbolSepLeftNChars=\count314
\FV@BreakSymbolSepRight=\dimen261
\FV@BreakSymbolSepRightNChars=\count315
\FV@BreakSymbolIndentLeft=\dimen262
\FV@BreakSymbolIndentLeftNChars=\count316
\FV@BreakSymbolIndentRight=\dimen263
\FV@BreakSymbolIndentRightNChars=\count317
\c@FancyVerbLineBreakLast=\count318
\FV@LineBox=\box55
\FV@LineIndentBox=\box56
\FV@LineWidth=\dimen264
) (/usr/local/texlive/2020/texmf-dist/tex/latex/tools/calc.sty
Package: calc 2017/05/25 v4.3 Infix arithmetic (KKT,FJ)
\calc@Acount=\count319
\calc@Bcount=\count320
\calc@Adimen=\dimen265
\calc@Bdimen=\dimen266
\calc@Askip=\skip72
\calc@Bskip=\skip73
LaTeX Info: Redefining \setlength on input line 80.
LaTeX Info: Redefining \addtolength on input line 81.
\calc@Ccount=\count321
\calc@Cskip=\skip74
) (/usr/local/texlive/2020/texmf-dist/tex/latex/tools/shellesc.sty
Package: shellesc 2019/11/08 v1.0c unified shell escape interface for LaTeX
Package shellesc Info: Unrestricted shell escape enabled on input line 75.
) (/usr/local/texlive/2020/texmf-dist/tex/latex/ifplatform/ifplatform.sty
Package: ifplatform 2017/10/13 v0.4a Testing for the operating system
 (/usr/local/texlive/2020/texmf-dist/tex/generic/catchfile/catchfile.sty
Package: catchfile 2019/12/09 v1.8 Catch the contents of a file (HO)
) (/usr/local/texlive/2020/texmf-dist/tex/generic/iftex/ifluatex.sty
Package: ifluatex 2019/10/25 v1.5 ifluatex legacy package. Use iftex instead.
)
runsystem(uname -s > "docker.w18")...executed.

 (/Users/seri/latex_articles/docker.w18)
runsystem(rm -- "docker.w18")...executed.

) (/usr/local/texlive/2020/texmf-dist/tex/generic/xstring/xstring.sty (/usr/local/texlive/2020/texmf-dist/tex/generic/xstring/xstring.tex
\integerpart=\count322
\decimalpart=\count323
)
Package: xstring 2019/02/06 v1.83 String manipulations (CT)
) (/usr/local/texlive/2020/texmf-dist/tex/latex/framed/framed.sty
Package: framed 2011/10/22 v 0.96: framed or shaded text with page breaks
\OuterFrameSep=\skip75
\fb@frw=\dimen267
\fb@frh=\dimen268
\FrameRule=\dimen269
\FrameSep=\dimen270
) (/usr/local/texlive/2020/texmf-dist/tex/latex/float/float.sty
Package: float 2001/11/08 v1.3d Float enhancements (AL)
\c@float@type=\count324
\float@exts=\toks25
\float@box=\box57
\@float@everytoks=\toks26
\@floatcapt=\box58
)
\minted@appexistsfile=\read4
\minted@bgbox=\box59
\minted@code=\write4
\c@minted@FancyVerbLineTemp=\count325
\c@minted@pygmentizecounter=\count326
\@float@every@listing=\toks27
\c@listing=\count327
)
runsystem(mkdir -p _minted-docker)...executed.

runsystem(which pygmentize && touch docker.aex)...executed.

runsystem(rm docker.aex)...executed.

 (/usr/local/texlive/2020/texmf-dist/tex/latex/l3backend/l3backend-pdfmode.def
File: l3backend-pdfmode.def 2020-03-12 L3 backend support: PDF mode
\l__kernel_color_stack_int=\count328
\l__pdf_internal_box=\box60
) (/Users/seri/latex_articles/docker.aux)
\openout1 = `docker.aux'.

LaTeX Font Info:    Checking defaults for OML/cmm/m/it on input line 109.
LaTeX Font Info:    ... okay on input line 109.
LaTeX Font Info:    Checking defaults for OMS/cmsy/m/n on input line 109.
LaTeX Font Info:    ... okay on input line 109.
LaTeX Font Info:    Checking defaults for OT1/cmr/m/n on input line 109.
LaTeX Font Info:    ... okay on input line 109.
LaTeX Font Info:    Checking defaults for T1/cmr/m/n on input line 109.
LaTeX Font Info:    ... okay on input line 109.
LaTeX Font Info:    Checking defaults for TS1/cmr/m/n on input line 109.
LaTeX Font Info:    ... okay on input line 109.
LaTeX Font Info:    Checking defaults for OMX/cmex/m/n on input line 109.
LaTeX Font Info:    ... okay on input line 109.
LaTeX Font Info:    Checking defaults for U/cmr/m/n on input line 109.
LaTeX Font Info:    ... okay on input line 109.
LaTeX Font Info:    Checking defaults for PD1/pdf/m/n on input line 109.
LaTeX Font Info:    ... okay on input line 109.
\big@size=\dimen271
LaTeX Info: Redefining \microtypecontext on input line 109.
Package microtype Info: Generating PDF output.
Package microtype Info: Character protrusion enabled (level 2).
Package microtype Info: Using default protrusion set `alltext'.
Package microtype Info: Automatic font expansion enabled (level 2),
(microtype)             stretch: 20, shrink: 20, step: 1, non-selected.
Package microtype Info: Using default expansion set `basictext'.
LaTeX Info: Redefining \showhyphens on input line 109.
Package microtype Info: No adjustment of tracking.
Package microtype Info: No adjustment of interword spacing.
Package microtype Info: No adjustment of character kerning.
 (/usr/local/texlive/2020/texmf-dist/tex/latex/microtype/mt-ppl.cfg
File: mt-ppl.cfg 2005/11/16 v1.6 microtype config. file: Palatino (RS)
)
*geometry* driver: auto-detecting
*geometry* detected driver: pdftex
*geometry* verbose mode - [ preamble ] result:
* driver: pdftex
* paper: <default>
* layout: <same size as paper>
* layoutoffset:(h,v)=(0.0pt,0.0pt)
* hratio: 1:1
* modes: twoside 
* h-part:(L,W,R)=(92.14519pt, 430.00462pt, 92.14519pt)
* v-part:(T,H,B)=(91.04881pt, 608.5238pt, 95.39737pt)
* \paperwidth=614.295pt
* \paperheight=794.96999pt
* \textwidth=430.00462pt
* \textheight=608.5238pt
* \oddsidemargin=19.8752pt
* \evensidemargin=19.8752pt
* \topmargin=-18.22118pt
* \headheight=12.0pt
* \headsep=25.0pt
* \topskip=10.0pt
* \footskip=30.0pt
* \marginparwidth=48.0pt
* \marginparsep=10.0pt
* \columnsep=20.0pt
* \skip\footins=9.0pt plus 4.0pt minus 2.0pt
* \hoffset=0.0pt
* \voffset=0.0pt
* \mag=1000
* \@twocolumntrue
* \@twosidetrue
* \@mparswitchtrue
* \@reversemarginfalse
* (1in=72.27pt=25.4mm, 1cm=28.453pt)

Package caption Info: Begin \AtBeginDocument code.
Package caption Info: float package is loaded.
Package caption Info: hyperref package is loaded.
Package caption Info: listings package is loaded.
Package caption Info: End \AtBeginDocument code.
\AtBeginShipoutBox=\box61
Package hyperref Info: Link coloring OFF on input line 109.
(/usr/local/texlive/2020/texmf-dist/tex/latex/hyperref/nameref.sty
Package: nameref 2019/09/16 v2.46 Cross-referencing by name of section
 (/usr/local/texlive/2020/texmf-dist/tex/latex/refcount/refcount.sty
Package: refcount 2019/12/15 v3.6 Data extraction from label references (HO)
) (/usr/local/texlive/2020/texmf-dist/tex/generic/gettitlestring/gettitlestring.sty
Package: gettitlestring 2019/12/15 v1.6 Cleanup title references (HO)
)
\c@section@level=\count329
)
LaTeX Info: Redefining \ref on input line 109.
LaTeX Info: Redefining \pageref on input line 109.
LaTeX Info: Redefining \nameref on input line 109.
 (/Users/seri/latex_articles/docker.out) (/Users/seri/latex_articles/docker.out)
\@outlinefile=\write5
\openout5 = `docker.out'.

\c@lstlisting=\count330
 (/usr/local/texlive/2020/texmf-dist/tex/context/base/mkii/supp-pdf.mkii
[Loading MPS to PDF converter (version 2006.09.02).]
\scratchcounter=\count331
\scratchdimen=\dimen272
\scratchbox=\box62
\nofMPsegments=\count332
\nofMParguments=\count333
\everyMPshowfont=\toks28
\MPscratchCnt=\count334
\MPscratchDim=\dimen273
\MPnumerator=\count335
\makeMPintoPDFobject=\count336
\everyMPtoPDFconversion=\toks29
)
LaTeX Font Info:    Trying to load font information for OT1+pplx on input line 113.
 (/usr/local/texlive/2020/texmf-dist/tex/latex/psnfss/ot1pplx.fd
File: ot1pplx.fd 2004/09/06 font definitions for OT1/pplx.
)
LaTeX Font Info:    Trying to load font information for OML+zplm on input line 113.
 (/usr/local/texlive/2020/texmf-dist/tex/latex/psnfss/omlzplm.fd
File: omlzplm.fd 2002/09/08 Fontinst v1.914 font definitions for OML/zplm.
)
LaTeX Font Info:    Trying to load font information for OMS+zplm on input line 113.
 (/usr/local/texlive/2020/texmf-dist/tex/latex/psnfss/omszplm.fd
File: omszplm.fd 2002/09/08 Fontinst v1.914 font definitions for OMS/zplm.
)
LaTeX Font Info:    Trying to load font information for OMX+zplm on input line 113.
 (/usr/local/texlive/2020/texmf-dist/tex/latex/psnfss/omxzplm.fd
File: omxzplm.fd 2002/09/08 Fontinst v1.914 font definitions for OMX/zplm.
)
LaTeX Font Info:    Trying to load font information for OT1+zplm on input line 113.
 (/usr/local/texlive/2020/texmf-dist/tex/latex/psnfss/ot1zplm.fd
File: ot1zplm.fd 2002/09/08 Fontinst v1.914 font definitions for OT1/zplm.
)
Package microtype Info: Loading generic protrusion settings for font family
(microtype)             `zplm' (encoding: OT1).
(microtype)             For optimal results, create family-specific settings.
(microtype)             See the microtype manual for details.
Package microtype Info: Character `029' is missing
(microtype)             in font `T1/pplx/m/sc/12'.
(microtype)             Ignoring protrusion settings for this character.
LaTeX Font Info:    Trying to load font information for TS1+pplx on input line 113.
 (/usr/local/texlive/2020/texmf-dist/tex/latex/psnfss/ts1pplx.fd
File: ts1pplx.fd 2004/09/06 font definitions for TS1/pplx.
)
\openout3 = `docker.pyg'.

 (/Users/seri/latex_articles/_minted-docker/default-pyg-prefix.pygstyle) (/Users/seri/latex_articles/_minted-docker/vim.pygstyle) (/Users/seri/latex_articles/_minted-docker/6CE9E6FDC55FA3C9C11EEE1376E3B90017EFA94DBC0623EC2893973703C8E410.pygtex
LaTeX Font Info:    Trying to load font information for T1+cmtt on input line 1.
 (/usr/local/texlive/2020/texmf-dist/tex/latex/base/t1cmtt.fd
File: t1cmtt.fd 2019/12/16 v2.5j Standard LaTeX font definitions
)
Package microtype Info: Loading generic protrusion settings for font family
(microtype)             `cmtt' (encoding: T1).
(microtype)             For optimal results, create family-specific settings.
(microtype)             See the microtype manual for details.
)
\openout4 = `docker.pyg'.

 (/Users/seri/latex_articles/_minted-docker/4C63661D7E782F1BD6540A6EABDC8B5A17EFA94DBC0623EC2893973703C8E410.pygtex)
\openout4 = `docker.pyg'.

 (/Users/seri/latex_articles/_minted-docker/A125720FE0F90E88943968107AEB238717EFA94DBC0623EC2893973703C8E410.pygtex)
Underfull \hbox (badness 10000) in paragraph at lines 135--137
[]\T1/pplx/m/n/10 (+20) The [] com-mand fetches the
 []

\openout3 = `docker.pyg'.

(/Users/seri/latex_articles/_minted-docker/0BB6BBBA3A55CFC7CFA2C6CE9EA53A4917EFA94DBC0623EC2893973703C8E410.pygtex)
\openout4 = `docker.pyg'.

 (/Users/seri/latex_articles/_minted-docker/B0F24E3D11BFE3D31529D1B9F2745CFD17EFA94DBC0623EC2893973703C8E410.pygtex)
\openout4 = `docker.pyg'.

 (/Users/seri/latex_articles/_minted-docker/F68AE32A99C8C9AF5A0F1C736D3FE93717EFA94DBC0623EC2893973703C8E410.pygtex)
\openout4 = `docker.pyg'.

 (/Users/seri/latex_articles/_minted-docker/B0F24E3D11BFE3D31529D1B9F2745CFD17EFA94DBC0623EC2893973703C8E410.pygtex)
\openout4 = `docker.pyg'.

 (/Users/seri/latex_articles/_minted-docker/A4E5FA056655344A7507576240B9992817EFA94DBC0623EC2893973703C8E410.pygtex)
\openout4 = `docker.pyg'.

 (/Users/seri/latex_articles/_minted-docker/F4B524261FCE06C1FBD10B4681AD0B9717EFA94DBC0623EC2893973703C8E410.pygtex)
\openout4 = `docker.pyg'.

 (/Users/seri/latex_articles/_minted-docker/11EDF40C2F854B98F64E547E2610AD2317EFA94DBC0623EC2893973703C8E410.pygtex)
\openout4 = `docker.pyg'.

 (/Users/seri/latex_articles/_minted-docker/4A20A1309318949C59BF0EC8734C103F17EFA94DBC0623EC2893973703C8E410.pygtex)
\openout4 = `docker.pyg'.

 (/Users/seri/latex_articles/_minted-docker/193C8C0ABEF469816A2EE6B917E5519C17EFA94DBC0623EC2893973703C8E410.pygtex)
\openout3 = `docker.pyg'.

 (/Users/seri/latex_articles/_minted-docker/E53FA40D97B2D9FCF5B36166CC8CF76917EFA94DBC0623EC2893973703C8E410.pygtex)
\openout4 = `docker.pyg'.

 (/Users/seri/latex_articles/_minted-docker/7B5FE05B5D76FFC77D753EEBD97E955A17EFA94DBC0623EC2893973703C8E410.pygtex)
\openout4 = `docker.pyg'.

 (/Users/seri/latex_articles/_minted-docker/956BAF72FD20659D7045498CC3954BF217EFA94DBC0623EC2893973703C8E410.pygtex)
\openout4 = `docker.pyg'.

 (/Users/seri/latex_articles/_minted-docker/395B372BD23B1381D115B78E9A23F47D17EFA94DBC0623EC2893973703C8E410.pygtex)
\openout4 = `docker.pyg'.

 (/Users/seri/latex_articles/_minted-docker/8A907C93168698A97628C2297EA6DC1917EFA94DBC0623EC2893973703C8E410.pygtex)
\openout4 = `docker.pyg'.

 (/Users/seri/latex_articles/_minted-docker/11EDF40C2F854B98F64E547E2610AD2317EFA94DBC0623EC2893973703C8E410.pygtex)
\openout4 = `docker.pyg'.

 (/Users/seri/latex_articles/_minted-docker/6715B1A0C30058672313F73A3C3B593517EFA94DBC0623EC2893973703C8E410.pygtex)
\openout4 = `docker.pyg'.

 (/Users/seri/latex_articles/_minted-docker/9A2E5BD36C78E070F7B1AF3629C151EE17EFA94DBC0623EC2893973703C8E410.pygtex)
Underfull \hbox (badness 10000) in paragraph at lines 165--168
[]\T1/pplx/m/n/10 (+20) In later ver-sions, the
 []


Underfull \hbox (badness 10000) in paragraph at lines 165--168
[] \T1/pplx/m/n/10 (+20) com-mand can
 []

\openout4 = `docker.pyg'.

(/Users/seri/latex_articles/_minted-docker/11EDF40C2F854B98F64E547E2610AD2317EFA94DBC0623EC2893973703C8E410.pygtex)
\openout4 = `docker.pyg'.

 (/Users/seri/latex_articles/_minted-docker/F68AE32A99C8C9AF5A0F1C736D3FE93717EFA94DBC0623EC2893973703C8E410.pygtex) [1{/usr/local/texlive/2020/texmf-var/fonts/map/pdftex/updmap/pdftex.map}


]
Package atveryend Info: Empty hook `BeforeClearDocument' on input line 180.
 [2

]
Package atveryend Info: Empty hook `AfterLastShipout' on input line 180.
 (/Users/seri/latex_articles/docker.aux)
Package atveryend Info: Executing hook `AtVeryEndDocument' on input line 180.
Package atveryend Info: Executing hook `AtEndAfterFileList' on input line 180.
Package rerunfilecheck Info: File `docker.out' has not changed.
(rerunfilecheck)             Checksum: 6C775CC98E14ECB3AC1BAACC9E13363D;161.
runsystem(rm docker.pyg)...executed.

Package atveryend Info: Empty hook `AtVeryVeryEnd' on input line 180.
 ) 
Here is how much of TeX's memory you used:
 15643 strings out of 480608
 264448 string characters out of 5903629
 618202 words of memory out of 5000000
 31062 multiletter control sequences out of 15000+600000
 584684 words of font info for 174 fonts, out of 8000000 for 9000
 1141 hyphenation exceptions out of 8191
 42i,14n,45p,984b,484s stack positions out of 5000i,500n,10000p,200000b,80000s
{/usr/local/texlive/2020/texmf-dist/fonts/enc/dvips/cm-super/cm-super-t1.enc}{/usr/local/texlive/2020/texmf-dist/fonts/enc/dvips/base/8r.enc}</usr/local/texlive/2020/texmf-dist/fonts/type1/public/amsfonts/cm/cmsy10.pfb></usr/local/texlive/2020/texmf-dist/fonts/type1/public/fpl/fplrc8a.pfb></usr/local/texlive/2020/texmf-dist/fonts/type1/public/cm-super/sftt1000.pfb></usr/local/texlive/2020/texmf-dist/fonts/type1/urw/palatino/uplb8a.pfb></usr/local/texlive/2020/texmf-dist/fonts/type1/urw/palatino/uplr8a.pfb>
Output written on /Users/seri/latex_articles/docker.pdf (2 pages, 93511 bytes).
PDF statistics:
 53 PDF objects out of 1000 (max. 8388607)
 43 compressed objects within 1 object stream
 6 named destinations out of 1000 (max. 500000)
 45593 words of extra memory for PDF output out of 51595 (max. 10000000)

